This is pdfTeX, Version 3.1415926-2.4-1.40.13 (TeX Live 2012) (format=pdflatex 2012.6.30)  21 JAN 2013 02:22
entering extended mode
 restricted \write18 enabled.
 %&-line parsing enabled.
**beyondthekisscam_sloan2013.tex
(./beyondthekisscam_sloan2013.tex
LaTeX2e <2011/06/27>
Babel <v3.8m> and hyphenation patterns for english, dumylang, nohyphenation, ge
rman-x-2012-05-30, ngerman-x-2012-05-30, afrikaans, ancientgreek, ibycus, arabi
c, armenian, basque, bulgarian, catalan, pinyin, coptic, croatian, czech, danis
h, dutch, ukenglish, usenglishmax, esperanto, estonian, ethiopic, farsi, finnis
h, french, friulan, galician, german, ngerman, swissgerman, monogreek, greek, h
ungarian, icelandic, assamese, bengali, gujarati, hindi, kannada, malayalam, ma
rathi, oriya, panjabi, tamil, telugu, indonesian, interlingua, irish, italian, 
kurmanji, latin, latvian, lithuanian, mongolian, mongolianlmc, bokmal, nynorsk,
 polish, portuguese, romanian, romansh, russian, sanskrit, serbian, serbianc, s
lovak, slovenian, spanish, swedish, turkish, turkmen, ukrainian, uppersorbian, 
welsh, loaded.
(/usr/local/texlive/2012/texmf-dist/tex/latex/base/article.cls
Document Class: article 2007/10/19 v1.4h Standard LaTeX document class
(/usr/local/texlive/2012/texmf-dist/tex/latex/base/size10.clo
File: size10.clo 2007/10/19 v1.4h Standard LaTeX file (size option)
)
\c@part=\count79
\c@section=\count80
\c@subsection=\count81
\c@subsubsection=\count82
\c@paragraph=\count83
\c@subparagraph=\count84
\c@figure=\count85
\c@table=\count86
\abovecaptionskip=\skip41
\belowcaptionskip=\skip42
\bibindent=\dimen102
) (./latex8.sty
IEEE 8.5 x 11-Inch Proceedings Style `latex8.sty'.
\@ctmp=\skip43
\@figindent=\skip44
) (/usr/local/texlive/2012/texmf-dist/tex/latex/psnfss/times.sty
Package: times 2005/04/12 PSNFSS-v9.2a (SPQR) 
)
(/usr/local/texlive/2012/texmf-dist/tex/latex/preprint/balance.sty
Package: balance 1999/02/23 4.3 (PWD)
\oldvsize=\dimen103
)
(/usr/local/texlive/2012/texmf-dist/tex/latex/graphics/epsfig.sty
Package: epsfig 1999/02/16 v1.7a (e)psfig emulation (SPQR)

(/usr/local/texlive/2012/texmf-dist/tex/latex/graphics/graphicx.sty
Package: graphicx 1999/02/16 v1.0f Enhanced LaTeX Graphics (DPC,SPQR)

(/usr/local/texlive/2012/texmf-dist/tex/latex/graphics/keyval.sty
Package: keyval 1999/03/16 v1.13 key=value parser (DPC)
\KV@toks@=\toks14
)
(/usr/local/texlive/2012/texmf-dist/tex/latex/graphics/graphics.sty
Package: graphics 2009/02/05 v1.0o Standard LaTeX Graphics (DPC,SPQR)

(/usr/local/texlive/2012/texmf-dist/tex/latex/graphics/trig.sty
Package: trig 1999/03/16 v1.09 sin cos tan (DPC)
)
(/usr/local/texlive/2012/texmf-dist/tex/latex/latexconfig/graphics.cfg
File: graphics.cfg 2010/04/23 v1.9 graphics configuration of TeX Live
)
Package graphics Info: Driver file: pdftex.def on input line 91.

(/usr/local/texlive/2012/texmf-dist/tex/latex/pdftex-def/pdftex.def
File: pdftex.def 2011/05/27 v0.06d Graphics/color for pdfTeX

(/usr/local/texlive/2012/texmf-dist/tex/generic/oberdiek/infwarerr.sty
Package: infwarerr 2010/04/08 v1.3 Providing info/warning/error messages (HO)
)
(/usr/local/texlive/2012/texmf-dist/tex/generic/oberdiek/ltxcmds.sty
Package: ltxcmds 2011/11/09 v1.22 LaTeX kernel commands for general use (HO)
)
\Gread@gobject=\count87
))
\Gin@req@height=\dimen104
\Gin@req@width=\dimen105
)
\epsfxsize=\dimen106
\epsfysize=\dimen107
)
(/usr/local/texlive/2012/texmf-dist/tex/latex/url/url.sty
\Urlmuskip=\muskip10
Package: url 2006/04/12  ver 3.3  Verb mode for urls, etc.
)

LaTeX Warning: Unused global option(s):
    [times].

(./beyondthekisscam_sloan2013.aux)
\openout1 = `beyondthekisscam_sloan2013.aux'.

LaTeX Font Info:    Checking defaults for OML/cmm/m/it on input line 25.
LaTeX Font Info:    ... okay on input line 25.
LaTeX Font Info:    Checking defaults for T1/cmr/m/n on input line 25.
LaTeX Font Info:    ... okay on input line 25.
LaTeX Font Info:    Checking defaults for OT1/cmr/m/n on input line 25.
LaTeX Font Info:    ... okay on input line 25.
LaTeX Font Info:    Checking defaults for OMS/cmsy/m/n on input line 25.
LaTeX Font Info:    ... okay on input line 25.
LaTeX Font Info:    Checking defaults for OMX/cmex/m/n on input line 25.
LaTeX Font Info:    ... okay on input line 25.
LaTeX Font Info:    Checking defaults for U/cmr/m/n on input line 25.
LaTeX Font Info:    ... okay on input line 25.
LaTeX Font Info:    Try loading font information for OT1+ptm on input line 25.

(/usr/local/texlive/2012/texmf-dist/tex/latex/psnfss/ot1ptm.fd
File: ot1ptm.fd 2001/06/04 font definitions for OT1/ptm.
)
(/usr/local/texlive/2012/texmf-dist/tex/context/base/supp-pdf.mkii
[Loading MPS to PDF converter (version 2006.09.02).]
\scratchcounter=\count88
\scratchdimen=\dimen108
\scratchbox=\box26
\nofMPsegments=\count89
\nofMParguments=\count90
\everyMPshowfont=\toks15
\MPscratchCnt=\count91
\MPscratchDim=\dimen109
\MPnumerator=\count92
\makeMPintoPDFobject=\count93
\everyMPtoPDFconversion=\toks16
) (/usr/local/texlive/2012/texmf-dist/tex/generic/oberdiek/pdftexcmds.sty
Package: pdftexcmds 2011/11/29 v0.20 Utility functions of pdfTeX for LuaTeX (HO
)

(/usr/local/texlive/2012/texmf-dist/tex/generic/oberdiek/ifluatex.sty
Package: ifluatex 2010/03/01 v1.3 Provides the ifluatex switch (HO)
Package ifluatex Info: LuaTeX not detected.
)
(/usr/local/texlive/2012/texmf-dist/tex/generic/oberdiek/ifpdf.sty
Package: ifpdf 2011/01/30 v2.3 Provides the ifpdf switch (HO)
Package ifpdf Info: pdfTeX in PDF mode is detected.
)
Package pdftexcmds Info: LuaTeX not detected.
Package pdftexcmds Info: \pdf@primitive is available.
Package pdftexcmds Info: \pdf@ifprimitive is available.
Package pdftexcmds Info: \pdfdraftmode found.
)
(/usr/local/texlive/2012/texmf-dist/tex/latex/oberdiek/epstopdf-base.sty
Package: epstopdf-base 2010/02/09 v2.5 Base part for package epstopdf

(/usr/local/texlive/2012/texmf-dist/tex/latex/oberdiek/grfext.sty
Package: grfext 2010/08/19 v1.1 Manage graphics extensions (HO)

(/usr/local/texlive/2012/texmf-dist/tex/generic/oberdiek/kvdefinekeys.sty
Package: kvdefinekeys 2011/04/07 v1.3 Define keys (HO)
))
(/usr/local/texlive/2012/texmf-dist/tex/latex/oberdiek/kvoptions.sty
Package: kvoptions 2011/06/30 v3.11 Key value format for package options (HO)

(/usr/local/texlive/2012/texmf-dist/tex/generic/oberdiek/kvsetkeys.sty
Package: kvsetkeys 2012/04/25 v1.16 Key value parser (HO)

(/usr/local/texlive/2012/texmf-dist/tex/generic/oberdiek/etexcmds.sty
Package: etexcmds 2011/02/16 v1.5 Avoid name clashes with e-TeX commands (HO)
Package etexcmds Info: Could not find \expanded.
(etexcmds)             That can mean that you are not using pdfTeX 1.50 or
(etexcmds)             that some package has redefined \expanded.
(etexcmds)             In the latter case, load this package earlier.
)))
Package grfext Info: Graphics extension search list:
(grfext)             [.png,.pdf,.jpg,.mps,.jpeg,.jbig2,.jb2,.PNG,.PDF,.JPG,.JPE
G,.JBIG2,.JB2,.eps]
(grfext)             \AppendGraphicsExtensions on input line 452.

(/usr/local/texlive/2012/texmf-dist/tex/latex/latexconfig/epstopdf-sys.cfg
File: epstopdf-sys.cfg 2010/07/13 v1.3 Configuration of (r)epstopdf for TeX Liv
e
))
LaTeX Font Info:    Font shape `OT1/ptm/bx/n' in size <14.4> not available
(Font)              Font shape `OT1/ptm/b/n' tried instead on input line 44.
LaTeX Font Info:    External font `cmex10' loaded for size
(Font)              <12> on input line 44.
LaTeX Font Info:    External font `cmex10' loaded for size
(Font)              <8> on input line 44.
LaTeX Font Info:    External font `cmex10' loaded for size
(Font)              <6> on input line 44.
LaTeX Font Info:    Font shape `OT1/ptm/bx/n' in size <12> not available
(Font)              Font shape `OT1/ptm/b/n' tried instead on input line 48.
Missing character: There is no ‚ in font ptmri7t!
Missing character: There is no Ä in font ptmri7t!
Missing character: There is no ô in font ptmri7t!
Missing character: There is no ‚ in font ptmri7t!
Missing character: There is no Ä in font ptmri7t!
Missing character: There is no ú in font ptmri7t!
Missing character: There is no ‚ in font ptmri7t!
Missing character: There is no Ä in font ptmri7t!
Missing character: There is no ù in font ptmri7t!
Missing character: There is no ‚ in font ptmri7t!
Missing character: There is no Ä in font ptmri7t!
Missing character: There is no ô in font ptmri7t!

<fanheat.jpg, id=1, 528.97626pt x 149.55875pt>
File: fanheat.jpg Graphic file (type jpg)
 <use fanheat.jpg>
Package pdftex.def Info: fanheat.jpg used on input line 70.
(pdftex.def)             Requested size: 212.47528pt x 60.07346pt.
 [1{/usr/local/texlive/2012/texmf-var/fonts/map/pdftex/updmap/pdftex.map}


 <./fanheat.jpg>]
LaTeX Font Info:    Try loading font information for OMS+ptm on input line 96.

(/usr/local/texlive/2012/texmf-dist/tex/latex/psnfss/omsptm.fd
File: omsptm.fd 
)
LaTeX Font Info:    Font shape `OMS/ptm/m/n' in size <10> not available
(Font)              Font shape `OMS/cmsy/m/n' tried instead on input line 96.
Missing character: There is no ‚ in font ptmr7t!
Missing character: There is no Ä in font ptmr7t!
Missing character: There is no ô in font ptmr7t!
LaTeX Font Info:    Font shape `OT1/ptm/bx/n' in size <11> not available
(Font)              Font shape `OT1/ptm/b/n' tried instead on input line 109.

<cams.jpg, id=11, 374.39874pt x 120.45pt>
File: cams.jpg Graphic file (type jpg)
 <use cams.jpg>
Package pdftex.def Info: cams.jpg used on input line 116.
(pdftex.def)             Requested size: 212.47528pt x 68.35762pt.
Missing character: There is no ‚ in font ptmr7t!
Missing character: There is no Ä in font ptmr7t!
Missing character: There is no ô in font ptmr7t!
Missing character: There is no ‚ in font ptmr7t!
Missing character: There is no Ä in font ptmr7t!
Missing character: There is no ô in font ptmr7t!
Missing character: There is no ‚ in font ptmr7t!
Missing character: There is no Ä in font ptmr7t!
Missing character: There is no ô in font ptmr7t!
 [2 <./cams.jpg>]
<fidget.jpg, id=16, 608.2725pt x 244.915pt>
File: fidget.jpg Graphic file (type jpg)
 <use fidget.jpg>
Package pdftex.def Info: fidget.jpg used on input line 135.
(pdftex.def)             Requested size: 212.47528pt x 85.54962pt.

<turk.png, id=17, 271.0125pt x 357.335pt>
File: turk.png Graphic file (type png)
 <use turk.png>
Package pdftex.def Info: turk.png used on input line 153.
(pdftex.def)             Requested size: 212.47528pt x 280.15962pt.
Missing character: There is no ‚ in font ptmr7t!
Missing character: There is no Ä in font ptmr7t!
Missing character: There is no ô in font ptmr7t!
Missing character: There is no ‚ in font ptmr7t!
Missing character: There is no Ä in font ptmr7t!
Missing character: There is no ô in font ptmr7t!
 [3 <./fidget.jpg> <./turk.png>] <avg_prec.jpg, id=23, 1204.5pt x 903.375pt>
File: avg_prec.jpg Graphic file (type jpg)
 <use avg_prec.jpg>
Package pdftex.def Info: avg_prec.jpg used on input line 183.
(pdftex.def)             Requested size: 212.47528pt x 159.34737pt.

<results.jpg, id=24, 474.77374pt x 255.95625pt>
File: results.jpg Graphic file (type jpg)
 <use results.jpg>
Package pdftex.def Info: results.jpg used on input line 196.
(pdftex.def)             Requested size: 212.47528pt x 114.54654pt.
 [4 <./avg_prec.jpg> <./results.jpg>]
Underfull \hbox (badness 2293) in paragraph at lines 217--218
[]\OT1/ptm/m/n/10 This pa-per de-scribed a ma-chine learning-based
 []

(./beyondthekisscam_sloan2013.bbl
LaTeX Font Info:    Try loading font information for OT1+pcr on input line 5.

(/usr/local/texlive/2012/texmf-dist/tex/latex/psnfss/ot1pcr.fd
File: ot1pcr.fd 2001/06/04 font definitions for OT1/pcr.
)
LaTeX Font Info:    External font `cmex10' loaded for size
(Font)              <9> on input line 5.
LaTeX Font Info:    External font `cmex10' loaded for size
(Font)              <5> on input line 5.

Underfull \hbox (badness 10000) in paragraph at lines 4--7
[]\OT1/ptm/m/n/9 PittPatt.com.  $\OT1/pcr/m/n/9 http : / / techcrunch . com /
 []


Underfull \hbox (badness 10000) in paragraph at lines 4--7
\OT1/pcr/m/n/9 2011 / 07 / 22 / google-[]acquires-[]facial /
 []


Overfull \hbox (0.95285pt too wide) in paragraph at lines 4--7
\OT1/pcr/m/n/9 recognition-[]software-[]company-[]pittpatt/$\OT1/ptm/m/n/9 .
 []


Underfull \hbox (badness 10000) in paragraph at lines 44--47
[]\OT1/ptm/m/n/9 Workshop on Mod-el-ing, Sim-u-la-tion,
 []


Underfull \hbox (badness 10000) in paragraph at lines 44--47
\OT1/ptm/m/n/9 and Vi-sual Anal-y-sis of Large Crowds.
 []


Underfull \hbox (badness 10000) in paragraph at lines 44--47
\OT1/ptm/m/n/9 http://vision.eecs.ucf.edu/ICCVWorkshop/home.html.
 []


Underfull \hbox (badness 10000) in paragraph at lines 109--112
[]\OT1/ptm/m/n/9 Laban Move-ment Anal-y-sis.  $\OT1/pcr/m/n/9 http : / / en .
 []


Underfull \hbox (badness 10000) in paragraph at lines 109--112
\OT1/pcr/m/n/9 wikipedia . org / wiki / Laban _ Movement _
 []

) [5] (./beyondthekisscam_sloan2013.aux) ) 
Here is how much of TeX's memory you used:
 1821 strings out of 493488
 26241 string characters out of 3141326
 85055 words of memory out of 3000000
 5085 multiletter control sequences out of 15000+200000
 25950 words of font info for 52 fonts, out of 3000000 for 9000
 957 hyphenation exceptions out of 8191
 37i,7n,23p,959b,352s stack positions out of 5000i,500n,10000p,200000b,50000s
{/usr/local/texlive/2012/texmf-dist/f
onts/enc/dvips/base/8r.enc}</usr/local/texlive/2012/texmf-dist/fonts/type1/publ
ic/amsfonts/cm/cmsy10.pfb></usr/local/texlive/2012/texmf-dist/fonts/type1/urw/c
ourier/ucrr8a.pfb></usr/local/texlive/2012/texmf-dist/fonts/type1/urw/helvetic/
uhvb8a.pfb></usr/local/texlive/2012/texmf-dist/fonts/type1/urw/times/utmb8a.pfb
></usr/local/texlive/2012/texmf-dist/fonts/type1/urw/times/utmr8a.pfb></usr/loc
al/texlive/2012/texmf-dist/fonts/type1/urw/times/utmri8a.pfb>
Output written on beyondthekisscam_sloan2013.pdf (5 pages, 808084 bytes).
PDF statistics:
 53 PDF objects out of 1000 (max. 8388607)
 32 compressed objects within 1 object stream
 0 named destinations out of 1000 (max. 500000)
 31 words of extra memory for PDF output out of 10000 (max. 10000000)

